#
# There is insufficient memory for the Java Runtime Environment to continue.
# Native memory allocation (malloc) failed to allocate 32744 bytes for ChunkPool::allocate
# Possible reasons:
#   The system is out of physical RAM or swap space
#   The process is running with CompressedOops enabled, and the Java Heap may be blocking the growth of the native heap
# Possible solutions:
#   Reduce memory load on the system
#   Increase physical memory or swap space
#   Check if swap backing store is full
#   Decrease Java heap size (-Xmx/-Xms)
#   Decrease number of Java threads
#   Decrease Java thread stack sizes (-Xss)
#   Set larger code cache with -XX:ReservedCodeCacheSize=
#   JVM is running with Zero Based Compressed Oops mode in which the Java heap is
#     placed in the first 32GB address space. The Java Heap base address is the
#     maximum limit for the native heap growth. Please use -XX:HeapBaseMinAddress
#     to set the Java Heap base and to place the Java Heap above 32GB virtual address.
# This output file may be truncated or incomplete.
#
#  Out of Memory Error (allocation.cpp:272), pid=15924, tid=0x000000000000184c
#
# JRE version: OpenJDK Runtime Environment (8.0_242-b01) (build 1.8.0_242-release-1644-b01)
# Java VM: OpenJDK 64-Bit Server VM (25.242-b01 mixed mode windows-amd64 compressed oops)
# Failed to write core dump. Minidumps are not enabled by default on client versions of Windows
#

---------------  T H R E A D  ---------------

Current thread (0x000000001c232000):  JavaThread "C2 CompilerThread0" daemon [_thread_in_native, id=6220, stack(0x000000001cb80000,0x000000001cc80000)]

Stack: [0x000000001cb80000,0x000000001cc80000]
[error occurred during error reporting (printing stack bounds), id 0xc0000005]

Native frames: (J=compiled Java code, j=interpreted, Vv=VM code, C=native code)


Current CompileTask:
C2:   2007 1608       4       javassist.bytecode.stackmap.Tracer::doOpcode148_201 (1104 bytes)


---------------  P R O C E S S  ---------------

Java Threads: ( => current thread )
  0x000000001c2cd800 JavaThread "Service Thread" daemon [_thread_blocked, id=18344, stack(0x000000001cf80000,0x000000001d080000)]
  0x000000001c240000 JavaThread "C1 CompilerThread3" daemon [_thread_blocked, id=12568, stack(0x000000001ce80000,0x000000001cf80000)]
  0x000000001c239000 JavaThread "C2 CompilerThread2" daemon [_thread_in_native, id=15528, stack(0x000000001cd80000,0x000000001ce80000)]
  0x000000001c233800 JavaThread "C2 CompilerThread1" daemon [_thread_in_native, id=11860, stack(0x000000001cc80000,0x000000001cd80000)]
=>0x000000001c232000 JavaThread "C2 CompilerThread0" daemon [_thread_in_native, id=6220, stack(0x000000001cb80000,0x000000001cc80000)]
  0x000000001c230800 JavaThread "Monitor Ctrl-Break" daemon [_thread_in_native, id=13148, stack(0x000000001ca80000,0x000000001cb80000)]
  0x000000001c1bc000 JavaThread "Attach Listener" daemon [_thread_blocked, id=10700, stack(0x000000001c980000,0x000000001ca80000)]
  0x000000001c1bb000 JavaThread "Signal Dispatcher" daemon [_thread_blocked, id=18380, stack(0x000000001c880000,0x000000001c980000)]
  0x000000001a398800 JavaThread "Finalizer" daemon [_thread_blocked, id=11344, stack(0x000000001c680000,0x000000001c780000)]
  0x000000001a391800 JavaThread "Reference Handler" daemon [_thread_blocked, id=12700, stack(0x000000001c580000,0x000000001c680000)]
  0x0000000002c0d800 JavaThread "main" [_thread_in_native, id=1596, stack(0x0000000002b00000,0x0000000002c00000)]

Other Threads:
  0x000000001a386800 VMThread [stack: 0x000000001c080000,0x000000001c180000] [id=13192]
  0x000000001c278800 WatcherThread [stack: 0x000000001d080000,0x000000001d180000] [id=13232]

VM state:not at safepoint (normal execution)

VM Mutex/Monitor currently owned by a thread: None

heap address: 0x0000000701c00000, size: 3044 MB, Compressed Oops mode: Zero based, Oop shift amount: 3
Narrow klass base: 0x0000000000000000, Narrow klass shift: 3
Compressed class space size: 1073741824 Address: 0x00000007c0000000

Heap:
 PSYoungGen      total 57344K, used 23302K [0x0000000780980000, 0x0000000784980000, 0x00000007c0000000)
  eden space 49152K, 35% used [0x0000000780980000,0x0000000781aac3a0,0x0000000783980000)
  from space 8192K, 69% used [0x0000000784180000,0x0000000784715788,0x0000000784980000)
  to   space 8192K, 0% used [0x0000000783980000,0x0000000783980000,0x0000000784180000)
 ParOldGen       total 131072K, used 32K [0x0000000701c00000, 0x0000000709c00000, 0x0000000780980000)
  object space 131072K, 0% used [0x0000000701c00000,0x0000000701c08000,0x0000000709c00000)
 Metaspace       used 9796K, capacity 9988K, committed 10112K, reserved 1058816K
  class space    used 1027K, capacity 1084K, committed 1152K, reserved 1048576K

Card table byte_map: [0x0000000012240000,0x0000000012840000] byte_map_base: 0x000000000ea32000

Marking Bits: (ParMarkBitMap*) 0x0000000058f1f030
 Begin Bits: [0x0000000013440000, 0x00000000163d0000)
 End Bits:   [0x00000000163d0000, 0x0000000019360000)

Polling page: 0x0000000000d60000

CodeCache: size=245760Kb used=6856Kb max_used=6856Kb free=238903Kb
 bounds [0x0000000002e80000, 0x0000000003540000, 0x0000000011e80000]
 total_blobs=2010 nmethods=1689 adapters=234
 compilation: enabled

Compilation events (10 events):
Event: 1.977 Thread 0x000000001c240000 1715       2       javassist.compiler.MemberCodeGen::atClassObject2 (36 bytes)
Event: 1.978 Thread 0x000000001c240000 nmethod 1715 0x0000000003532390 code [0x00000000035325a0, 0x0000000003532b48]
Event: 1.978 Thread 0x000000001c240000 1716       2       javassist.compiler.MemberCodeGen::getMajorVersion (21 bytes)
Event: 1.978 Thread 0x000000001c240000 nmethod 1716 0x0000000003533490 code [0x0000000003533600, 0x00000000035337a8]
Event: 1.983 Thread 0x000000001c240000 1717       2       javassist.compiler.Parser::parseDotClass (90 bytes)
Event: 1.985 Thread 0x000000001c240000 nmethod 1717 0x0000000003533890 code [0x0000000003533ae0, 0x0000000003534e08]
Event: 1.985 Thread 0x000000001c240000 1719       2       javassist.bytecode.CodeIterator$Branch::shiftOffset (98 bytes)
Event: 1.985 Thread 0x000000001c240000 nmethod 1719 0x0000000003535c10 code [0x0000000003535d60, 0x0000000003535f30]
Event: 1.985 Thread 0x000000001c240000 1718       2       javassist.compiler.Parser::toClassName (19 bytes)
Event: 1.985 Thread 0x000000001c240000 nmethod 1718 0x0000000003535fd0 code [0x0000000003536140, 0x00000000035363d8]

GC Heap History (8 events):
Event: 0.932 GC heap before
{Heap before GC invocations=1 (full 0):
 PSYoungGen      total 57344K, used 49152K [0x0000000780980000, 0x0000000784980000, 0x00000007c0000000)
  eden space 49152K, 100% used [0x0000000780980000,0x0000000783980000,0x0000000783980000)
  from space 8192K, 0% used [0x0000000784180000,0x0000000784180000,0x0000000784980000)
  to   space 8192K, 0% used [0x0000000783980000,0x0000000783980000,0x0000000784180000)
 ParOldGen       total 131072K, used 0K [0x0000000701c00000, 0x0000000709c00000, 0x0000000780980000)
  object space 131072K, 0% used [0x0000000701c00000,0x0000000701c00000,0x0000000709c00000)
 Metaspace       used 7717K, capacity 7884K, committed 8192K, reserved 1056768K
  class space    used 849K, capacity 920K, committed 1024K, reserved 1048576K
Event: 0.939 GC heap after
Heap after GC invocations=1 (full 0):
 PSYoungGen      total 57344K, used 6524K [0x0000000780980000, 0x0000000784980000, 0x00000007c0000000)
  eden space 49152K, 0% used [0x0000000780980000,0x0000000780980000,0x0000000783980000)
  from space 8192K, 79% used [0x0000000783980000,0x0000000783fdf3c8,0x0000000784180000)
  to   space 8192K, 0% used [0x0000000784180000,0x0000000784180000,0x0000000784980000)
 ParOldGen       total 131072K, used 8K [0x0000000701c00000, 0x0000000709c00000, 0x0000000780980000)
  object space 131072K, 0% used [0x0000000701c00000,0x0000000701c02000,0x0000000709c00000)
 Metaspace       used 7717K, capacity 7884K, committed 8192K, reserved 1056768K
  class space    used 849K, capacity 920K, committed 1024K, reserved 1048576K
}
Event: 1.339 GC heap before
{Heap before GC invocations=2 (full 0):
 PSYoungGen      total 57344K, used 55676K [0x0000000780980000, 0x0000000784980000, 0x00000007c0000000)
  eden space 49152K, 100% used [0x0000000780980000,0x0000000783980000,0x0000000783980000)
  from space 8192K, 79% used [0x0000000783980000,0x0000000783fdf3c8,0x0000000784180000)
  to   space 8192K, 0% used [0x0000000784180000,0x0000000784180000,0x0000000784980000)
 ParOldGen       total 131072K, used 8K [0x0000000701c00000, 0x0000000709c00000, 0x0000000780980000)
  object space 131072K, 0% used [0x0000000701c00000,0x0000000701c02000,0x0000000709c00000)
 Metaspace       used 8565K, capacity 8716K, committed 8960K, reserved 1056768K
  class space    used 895K, capacity 984K, committed 1024K, reserved 1048576K
Event: 1.345 GC heap after
Heap after GC invocations=2 (full 0):
 PSYoungGen      total 57344K, used 6551K [0x0000000780980000, 0x0000000784980000, 0x00000007c0000000)
  eden space 49152K, 0% used [0x0000000780980000,0x0000000780980000,0x0000000783980000)
  from space 8192K, 79% used [0x0000000784180000,0x00000007847e5fe0,0x0000000784980000)
  to   space 8192K, 0% used [0x0000000783980000,0x0000000783980000,0x0000000784180000)
 ParOldGen       total 131072K, used 16K [0x0000000701c00000, 0x0000000709c00000, 0x0000000780980000)
  object space 131072K, 0% used [0x0000000701c00000,0x0000000701c04000,0x0000000709c00000)
 Metaspace       used 8565K, capacity 8716K, committed 8960K, reserved 1056768K
  class space    used 895K, capacity 984K, committed 1024K, reserved 1048576K
}
Event: 1.600 GC heap before
{Heap before GC invocations=3 (full 0):
 PSYoungGen      total 57344K, used 55703K [0x0000000780980000, 0x0000000784980000, 0x00000007c0000000)
  eden space 49152K, 100% used [0x0000000780980000,0x0000000783980000,0x0000000783980000)
  from space 8192K, 79% used [0x0000000784180000,0x00000007847e5fe0,0x0000000784980000)
  to   space 8192K, 0% used [0x0000000783980000,0x0000000783980000,0x0000000784180000)
 ParOldGen       total 131072K, used 16K [0x0000000701c00000, 0x0000000709c00000, 0x0000000780980000)
  object space 131072K, 0% used [0x0000000701c00000,0x0000000701c04000,0x0000000709c00000)
 Metaspace       used 8594K, capacity 8780K, committed 8960K, reserved 1056768K
  class space    used 895K, capacity 984K, committed 1024K, reserved 1048576K
Event: 1.605 GC heap after
Heap after GC invocations=3 (full 0):
 PSYoungGen      total 57344K, used 6619K [0x0000000780980000, 0x0000000784980000, 0x00000007c0000000)
  eden space 49152K, 0% used [0x0000000780980000,0x0000000780980000,0x0000000783980000)
  from space 8192K, 80% used [0x0000000783980000,0x0000000783ff6d08,0x0000000784180000)
  to   space 8192K, 0% used [0x0000000784180000,0x0000000784180000,0x0000000784980000)
 ParOldGen       total 131072K, used 24K [0x0000000701c00000, 0x0000000709c00000, 0x0000000780980000)
  object space 131072K, 0% used [0x0000000701c00000,0x0000000701c06000,0x0000000709c00000)
 Metaspace       used 8594K, capacity 8780K, committed 8960K, reserved 1056768K
  class space    used 895K, capacity 984K, committed 1024K, reserved 1048576K
}
Event: 1.856 GC heap before
{Heap before GC invocations=4 (full 0):
 PSYoungGen      total 57344K, used 55771K [0x0000000780980000, 0x0000000784980000, 0x00000007c0000000)
  eden space 49152K, 100% used [0x0000000780980000,0x0000000783980000,0x0000000783980000)
  from space 8192K, 80% used [0x0000000783980000,0x0000000783ff6d08,0x0000000784180000)
  to   space 8192K, 0% used [0x0000000784180000,0x0000000784180000,0x0000000784980000)
 ParOldGen       total 131072K, used 24K [0x0000000701c00000, 0x0000000709c00000, 0x0000000780980000)
  object space 131072K, 0% used [0x0000000701c00000,0x0000000701c06000,0x0000000709c00000)
 Metaspace       used 8962K, capacity 9196K, committed 9216K, reserved 1056768K
  class space    used 928K, capacity 1016K, committed 1024K, reserved 1048576K
Event: 1.861 GC heap after
Heap after GC invocations=4 (full 0):
 PSYoungGen      total 57344K, used 5717K [0x0000000780980000, 0x0000000784980000, 0x00000007c0000000)
  eden space 49152K, 0% used [0x0000000780980000,0x0000000780980000,0x0000000783980000)
  from space 8192K, 69% used [0x0000000784180000,0x0000000784715788,0x0000000784980000)
  to   space 8192K, 0% used [0x0000000783980000,0x0000000783980000,0x0000000784180000)
 ParOldGen       total 131072K, used 32K [0x0000000701c00000, 0x0000000709c00000, 0x0000000780980000)
  object space 131072K, 0% used [0x0000000701c00000,0x0000000701c08000,0x0000000709c00000)
 Metaspace       used 8962K, capacity 9196K, committed 9216K, reserved 1056768K
  class space    used 928K, capacity 1016K, committed 1024K, reserved 1048576K
}

Deoptimization events (10 events):
Event: 1.123 Thread 0x0000000002c0d800 Uncommon trap: reason=unstable_if action=reinterpret pc=0x0000000003239d70 method=javassist.bytecode.CodeIterator.nextOpcode([BI)I @ 29
Event: 1.175 Thread 0x0000000002c0d800 Uncommon trap: reason=unstable_if action=reinterpret pc=0x0000000003152800 method=javassist.bytecode.LongVector.addElement(Ljavassist/bytecode/ConstInfo;)V @ 26
Event: 1.623 Thread 0x0000000002c0d800 Uncommon trap: reason=unstable_if action=reinterpret pc=0x0000000003410fac method=java.util.HashMap$TreeNode.find(ILjava/lang/Object;Ljava/lang/Class;)Ljava/util/HashMap$TreeNode; @ 79
Event: 1.773 Thread 0x0000000002c0d800 Uncommon trap: reason=unstable_if action=reinterpret pc=0x00000000033abd5c method=javassist.bytecode.stackmap.TypeData$BasicType.is2WordType()Z @ 5
Event: 1.773 Thread 0x0000000002c0d800 Uncommon trap: reason=unstable_if action=reinterpret pc=0x00000000034e0c74 method=javassist.bytecode.stackmap.Tracer.checkParamTypes(Ljava/lang/String;I)V @ 92
Event: 1.773 Thread 0x0000000002c0d800 Uncommon trap: reason=unstable_if action=reinterpret pc=0x00000000034f4440 method=javassist.bytecode.stackmap.MapMaker.validateTypeData([Ljavassist/bytecode/stackmap/TypeData;II)Ljavassist/bytecode/stackmap/TypeData; @ 8
Event: 1.773 Thread 0x0000000002c0d800 Uncommon trap: reason=unstable_if action=reinterpret pc=0x00000000034da81c method=javassist.bytecode.stackmap.MapMaker.validateTypeData([Ljavassist/bytecode/stackmap/TypeData;II)Ljavassist/bytecode/stackmap/TypeData; @ 8
Event: 1.773 Thread 0x0000000002c0d800 Uncommon trap: reason=unstable_if action=reinterpret pc=0x0000000003461a34 method=javassist.bytecode.stackmap.TypeData$BasicType.is2WordType()Z @ 5
Event: 1.773 Thread 0x0000000002c0d800 Uncommon trap: reason=unstable_if action=reinterpret pc=0x0000000003475b00 method=javassist.bytecode.stackmap.TypeData$BasicType.is2WordType()Z @ 5
Event: 1.817 Thread 0x0000000002c0d800 Uncommon trap: reason=unloaded action=reinterpret pc=0x0000000003168388 method=javassist.bytecode.ConstPool.readOne(Ljava/io/DataInputStream;)I @ 124

Classes redefined (0 events):
No events

Internal exceptions (10 events):
Event: 0.348 Thread 0x0000000002c0d800 Exception <a 'java/security/PrivilegedActionException'> (0x0000000780fe0ca8) thrown at [C:\src\AOSP-openjdk-git\hotspot\src\share\vm\prims\jvm.cpp, line 1502]
Event: 0.471 Thread 0x0000000002c0d800 Exception <a 'java/lang/ClassNotFoundException': org/powermock/configuration/MockitoConfigurationBeanInfo> (0x0000000781696378) thrown at [C:\src\AOSP-openjdk-git\hotspot\src\share\vm\classfile\systemDictionary.cpp, line 210]
Event: 0.473 Thread 0x0000000002c0d800 Exception <a 'java/lang/ClassNotFoundException': org/powermock/configuration/MockitoConfigurationCustomizer> (0x00000007816bf290) thrown at [C:\src\AOSP-openjdk-git\hotspot\src\share\vm\classfile\systemDictionary.cpp, line 210]
Event: 0.474 Thread 0x0000000002c0d800 Exception <a 'java/lang/ArrayIndexOutOfBoundsException'> (0x00000007816cb2c8) thrown at [C:\src\AOSP-openjdk-git\hotspot\src\share\vm\runtime\sharedRuntime.cpp, line 605]
Event: 0.474 Thread 0x0000000002c0d800 Exception <a 'java/lang/ArrayIndexOutOfBoundsException'> (0x00000007816cd038) thrown at [C:\src\AOSP-openjdk-git\hotspot\src\share\vm\runtime\sharedRuntime.cpp, line 605]
Event: 0.484 Thread 0x0000000002c0d800 Exception <a 'java/lang/ClassNotFoundException': org/powermock/configuration/PowerMockConfigurationBeanInfo> (0x000000078176c2c0) thrown at [C:\src\AOSP-openjdk-git\hotspot\src\share\vm\classfile\systemDictionary.cpp, line 210]
Event: 0.486 Thread 0x0000000002c0d800 Exception <a 'java/lang/ClassNotFoundException': org/powermock/configuration/PowerMockConfigurationCustomizer> (0x0000000781795f10) thrown at [C:\src\AOSP-openjdk-git\hotspot\src\share\vm\classfile\systemDictionary.cpp, line 210]
Event: 0.486 Thread 0x0000000002c0d800 Exception <a 'java/lang/ArrayIndexOutOfBoundsException'> (0x0000000781797ff8) thrown at [C:\src\AOSP-openjdk-git\hotspot\src\share\vm\runtime\sharedRuntime.cpp, line 605]
Event: 0.583 Thread 0x0000000002c0d800 Exception <a 'java/lang/NoSuchFieldError': method resolution failed> (0x0000000781ce88a0) thrown at [C:\src\AOSP-openjdk-git\hotspot\src\share\vm\prims\methodHandles.cpp, line 1167]
Event: 0.584 Thread 0x0000000002c0d800 Exception <a 'java/lang/NoSuchFieldError': method resolution failed> (0x0000000781cf6860) thrown at [C:\src\AOSP-openjdk-git\hotspot\src\share\vm\prims\methodHandles.cpp, line 1167]

Events (10 events):
Event: 1.989 loading class android/content/res/Resources
Event: 1.989 loading class android/content/res/Resources done
Event: 1.993 loading class android/support/v7/widget/VectorEnabledTintResources
Event: 1.993 loading class android/support/v7/widget/VectorEnabledTintResources done
Event: 1.996 loading class android/widget/ListAdapter
Event: 1.996 loading class android/widget/ListAdapter done
Event: 1.997 loading class android/widget/Adapter
Event: 1.997 loading class android/widget/Adapter done
Event: 2.001 loading class android/widget/AdapterView$OnItemClickListener
Event: 2.001 loading class android/widget/AdapterView$OnItemClickListener done


Dynamic libraries:
0x00007ff7d8b00000 - 0x00007ff7d8b31000 	C:\Program Files\Android\Android Studio\jre\bin\java.exe
0x00007ffe39780000 - 0x00007ffe39970000 	C:\WINDOWS\SYSTEM32\ntdll.dll
0x00007ffe37830000 - 0x00007ffe378e2000 	C:\WINDOWS\System32\KERNEL32.DLL
0x00007ffe36a50000 - 0x00007ffe36cf5000 	C:\WINDOWS\System32\KERNELBASE.dll
0x00007ffe38030000 - 0x00007ffe380d3000 	C:\WINDOWS\System32\ADVAPI32.dll
0x00007ffe37f10000 - 0x00007ffe37fae000 	C:\WINDOWS\System32\msvcrt.dll
0x00007ffe37e70000 - 0x00007ffe37f07000 	C:\WINDOWS\System32\sechost.dll
0x00007ffe387d0000 - 0x00007ffe388f0000 	C:\WINDOWS\System32\RPCRT4.dll
0x00007ffe378f0000 - 0x00007ffe37a85000 	C:\WINDOWS\System32\USER32.dll
0x00007ffe36710000 - 0x00007ffe36731000 	C:\WINDOWS\System32\win32u.dll
0x00007ffe38f60000 - 0x00007ffe38f86000 	C:\WINDOWS\System32\GDI32.dll
0x00007ffe374a0000 - 0x00007ffe37636000 	C:\WINDOWS\System32\gdi32full.dll
0x00007ffe37740000 - 0x00007ffe377de000 	C:\WINDOWS\System32\msvcp_win.dll
0x00007ffe37640000 - 0x00007ffe3773a000 	C:\WINDOWS\System32\ucrtbase.dll
0x00007ffe299d0000 - 0x00007ffe29c54000 	C:\WINDOWS\WinSxS\amd64_microsoft.windows.common-controls_6595b64144ccf1df_6.0.18362.1082_none_9e8193e1e45b25c1\COMCTL32.dll
0x00007ffe38b70000 - 0x00007ffe38ea5000 	C:\WINDOWS\System32\combase.dll
0x00007ffe369d0000 - 0x00007ffe36a50000 	C:\WINDOWS\System32\bcryptPrimitives.dll
0x00007ffe388f0000 - 0x00007ffe3891e000 	C:\WINDOWS\System32\IMM32.DLL
0x0000000057c10000 - 0x0000000057ce2000 	C:\Program Files\Android\Android Studio\jre\jre\bin\msvcr100.dll
0x0000000058750000 - 0x0000000058f9b000 	C:\Program Files\Android\Android Studio\jre\jre\bin\server\jvm.dll
0x00007ffe38b40000 - 0x00007ffe38b48000 	C:\WINDOWS\System32\PSAPI.DLL
0x00007ffe31760000 - 0x00007ffe31769000 	C:\WINDOWS\SYSTEM32\WSOCK32.dll
0x00007ffe2de00000 - 0x00007ffe2de0a000 	C:\WINDOWS\SYSTEM32\VERSION.dll
0x00007ffe34210000 - 0x00007ffe34234000 	C:\WINDOWS\SYSTEM32\WINMM.dll
0x00007ffe391b0000 - 0x00007ffe3921f000 	C:\WINDOWS\System32\WS2_32.dll
0x00007ffe341e0000 - 0x00007ffe3420d000 	C:\WINDOWS\SYSTEM32\winmmbase.dll
0x00007ffe377e0000 - 0x00007ffe3782a000 	C:\WINDOWS\System32\cfgmgr32.dll
0x00007ffe28c10000 - 0x00007ffe28c1f000 	C:\Program Files\Android\Android Studio\jre\jre\bin\verify.dll
0x00007ffdfc110000 - 0x00007ffdfc139000 	C:\Program Files\Android\Android Studio\jre\jre\bin\java.dll
0x00007ffe29c70000 - 0x00007ffe29c93000 	C:\Program Files\Android\Android Studio\jre\jre\bin\instrument.dll
0x00007ffdfc0f0000 - 0x00007ffdfc106000 	C:\Program Files\Android\Android Studio\jre\jre\bin\zip.dll
0x00007ffe380e0000 - 0x00007ffe387c7000 	C:\WINDOWS\System32\SHELL32.dll
0x00007ffe39690000 - 0x00007ffe39739000 	C:\WINDOWS\System32\shcore.dll
0x00007ffe36d20000 - 0x00007ffe374a0000 	C:\WINDOWS\System32\windows.storage.dll
0x00007ffe366c0000 - 0x00007ffe366e3000 	C:\WINDOWS\System32\profapi.dll
0x00007ffe36670000 - 0x00007ffe366ba000 	C:\WINDOWS\System32\powrprof.dll
0x00007ffe36640000 - 0x00007ffe36650000 	C:\WINDOWS\System32\UMPDC.dll
0x00007ffe38f90000 - 0x00007ffe38fe2000 	C:\WINDOWS\System32\shlwapi.dll
0x00007ffe366f0000 - 0x00007ffe36701000 	C:\WINDOWS\System32\kernel.appcore.dll
0x00007ffe36d00000 - 0x00007ffe36d17000 	C:\WINDOWS\System32\cryptsp.dll
0x00007ffe30b10000 - 0x00007ffe30b2a000 	C:\Program Files\Android\Android Studio\bin\breakgen64.dll
0x00007ffdfb810000 - 0x00007ffdfb82a000 	C:\Program Files\Android\Android Studio\jre\jre\bin\net.dll
0x00007ffe35e90000 - 0x00007ffe35ef7000 	C:\WINDOWS\system32\mswsock.dll

VM Arguments:
jvm_args: -ea -Didea.test.cyclic.buffer.size=1048576 -javaagent:C:\Program Files\Android\Android Studio\lib\idea_rt.jar=31989:C:\Program Files\Android\Android Studio\bin -Dfile.encoding=UTF-8 
java_command: com.intellij.rt.junit.JUnitStarter -ideVersion5 -junit4 com.pluralsight.candycoded._1_StartTheStoreInformationActivity
java_class_path (initial): C:\Program Files\Android\Android Studio\lib\idea_rt.jar;C:\Program Files\Android\Android Studio\plugins\junit\lib\junit5-rt.jar;C:\Program Files\Android\Android Studio\plugins\junit\lib\junit-rt.jar;C:\Users\yyeag_000\AppData\Local\Android\Sdk\platforms\android-28\data\res;D:\PluralSightProject\CandyCode\app\build\intermediates\javac\debugUnitTest\classes;D:\PluralSightProject\CandyCode\app\build\intermediates\javac\debug\classes;D:\PluralSightProject\CandyCode\app\build\intermediates\sourceFolderJavaResources\test\debug;D:\PluralSightProject\CandyCode\app\build\generated\res\resValues\debug;C:\Users\yyeag_000\.gradle\caches\modules-2\files-2.1\junit\junit\4.12\2973d150c0dc1fefe998f834810d68f278ea58ec\junit-4.12.jar;C:\Users\yyeag_000\.gradle\caches\modules-2\files-2.1\org.hamcrest\hamcrest-library\1.3\4785a3c21320980282f9f33d0d1264a69040538f\hamcrest-library-1.3.jar;C:\Users\yyeag_000\.gradle\caches\modules-2\files-2.1\org.hamcrest\hamcrest-core\1.3\42a25dc3219429f0e5d060061f71acb49bf010a0\hamcrest-core-1.3.jar;C:\Users\yyeag_000\.gradle\caches\modules-2\files-2.1\org.powermock\powermock-module-junit4\1.7.1\b68666adbfc6a282a231f3af7a593aad3ee0e002\powermock-module-junit4-1.7.1.jar;C:\Users\yyeag_000\.gradle\caches\modules-2\files-2.1\org.powermock\powermock-module-junit4-common\1.7.1\cfd1f8fb63e50ae4c409ace696136ec3d595e832\powermock-module-junit4-common-1.7.1.jar;C:\Users\yyeag_000\.gradle\caches\modules-2\files-2.1\org.robolectric\robolectric\3.3.2\90022fc9ad52c44d0c2a13b8371e9a3624357ba8\robolectric-3.3.2.jar;C:\Users\yyeag_000\.gradle\caches\modules-2\files-2.1\org.robolectric\shadows-core\3.3.2\3d20e0784abd5d6ccf58eeb82da908ecbf7bffd9\shadows-core-3.3.2.jar;C:\Users\yyeag_000\.gradle\caches\modules-2\files-2.1\com.google.android.apps.common.testing.accessibility.framework\accessibility-test-framework\2.1\c2d6267c3ad0435ddf9e27a94a0e0af4ca3fdfbb\accessibility-test-framework-2.1.jar;C:\Users\yyeag_000\.gradle\caches\modules-2\files-2
Launcher Type: SUN_STANDARD

Environment Variables:
PATH=C:\Python27\;C:\Python27\Scripts;C:\ProgramData\Oracle\Java\javapath;C:\Program Files\Broadcom\Broadcom 802.11 Network Adapter;C:\Program Files (x86)\Intel\iCLS Client\;C:\Program Files\Intel\iCLS Client\;C:\Windows\system32;C:\Windows;C:\Windows\System32\Wbem;C:\Windows\System32\WindowsPowerShell\v1.0\;C:\Program Files\Intel\Intel(R) Management Engine Components\DAL;C:\Program Files\Intel\Intel(R) Management Engine Components\IPT;C:\Program Files (x86)\Intel\Intel(R) Management Engine Components\DAL;C:\Program Files (x86)\Intel\Intel(R) Management Engine Components\IPT;C:\Program Files\WIDCOMM\Bluetooth Software\;C:\Program Files\WIDCOMM\Bluetooth Software\syswow64;C:\Program Files (x86)\NVIDIA Corporation\PhysX\Common;C:\WINDOWS\system32;C:\WINDOWS;C:\WINDOWS\System32\Wbem;C:\WINDOWS\System32\WindowsPowerShell\v1.0\;C:\Program Files (x86)\Skype\Phone\;C:\Program Files\dotnet\;C:\WINDOWS\System32\OpenSSH\;C:\Program Files\Git\cmd;C:\Program Files\VSCodium\bin;C:\Program Files\nodejs\;C:\ProgramData\chocolatey\bin;C:\Program Files\Microsoft SQL Server\130\Tools\Binn\;C:\Program Files\Microsoft SQL Server\Client SDK\ODBC\170\Tools\Binn\;C:\Strawberry\c\bin;C:\Strawberry\perl\site\bin;C:\Strawberry\perl\bin;C:\Program Files (x86)\Microsoft SQL Server\150\Tools\Binn\;C:\Program Files\Microsoft SQL Server\150\Tools\Binn\;C:\Program Files\Microsoft SQL Server\150\DTS\Binn\;;C:\Program Files (x86)\Microsoft VS Code\bin;C:\Users\yyeag_000\AppData\Local\Microsoft\WindowsApps;C:\Users\yyeag_000\AppData\Local\Programs\Microsoft VS Code\bin;C:\Users\yyeag_000\AppData\Roaming\npm
USERNAME=yyeag_000
OS=Windows_NT
PROCESSOR_IDENTIFIER=Intel64 Family 6 Model 60 Stepping 3, GenuineIntel



---------------  S Y S T E M  ---------------

OS: Windows 10.0 , 64 bit Build 18362 (10.0.18362.1082)

CPU:total 8 (initial active 8) (4 cores per cpu, 2 threads per core) family 6 model 60 stepping 3, cmov, cx8, fxsr, mmx, sse, sse2, sse3, ssse3, sse4.1, sse4.2, popcnt, avx, avx2, aes, clmul, erms, lzcnt, ht, tsc, tscinvbit, bmi1, bmi2

Memory: 4k page, physical 12463060k(1593044k free), swap 13511636k(5120k free)

vm_info: OpenJDK 64-Bit Server VM (25.242-b01) for windows-amd64 JRE (1.8.0_242-release-1644-b01), built by "builder" with MS VC++ 10.0 (VS2010)

time: Thu Sep 24 16:13:50 2020
timezone: Eastern Daylight Time
elapsed time: 2 seconds (0d 0h 0m 2s)

