#
# There is insufficient memory for the Java Runtime Environment to continue.
# Native memory allocation (malloc) failed to allocate 1634416 bytes for Chunk::new
# Possible reasons:
#   The system is out of physical RAM or swap space
#   The process is running with CompressedOops enabled, and the Java Heap may be blocking the growth of the native heap
# Possible solutions:
#   Reduce memory load on the system
#   Increase physical memory or swap space
#   Check if swap backing store is full
#   Decrease Java heap size (-Xmx/-Xms)
#   Decrease number of Java threads
#   Decrease Java thread stack sizes (-Xss)
#   Set larger code cache with -XX:ReservedCodeCacheSize=
#   JVM is running with Zero Based Compressed Oops mode in which the Java heap is
#     placed in the first 32GB address space. The Java Heap base address is the
#     maximum limit for the native heap growth. Please use -XX:HeapBaseMinAddress
#     to set the Java Heap base and to place the Java Heap above 32GB virtual address.
# This output file may be truncated or incomplete.
#
#  Out of Memory Error (allocation.cpp:389), pid=7856, tid=0x00000000000045a4
#
# JRE version: OpenJDK Runtime Environment (8.0_242-b01) (build 1.8.0_242-release-1644-b01)
# Java VM: OpenJDK 64-Bit Server VM (25.242-b01 mixed mode windows-amd64 compressed oops)
# Failed to write core dump. Minidumps are not enabled by default on client versions of Windows
#

---------------  T H R E A D  ---------------

Current thread (0x000000001bccb000):  JavaThread "C2 CompilerThread0" daemon [_thread_in_native, id=17828, stack(0x000000001c620000,0x000000001c720000)]

Stack: [0x000000001c620000,0x000000001c720000]
[error occurred during error reporting (printing stack bounds), id 0xc0000005]

Native frames: (J=compiled Java code, j=interpreted, Vv=VM code, C=native code)


Current CompileTask:
C2:   2179 1493       4       javassist.compiler.Parser::parsePostfix (513 bytes)


---------------  P R O C E S S  ---------------

Java Threads: ( => current thread )
  0x000000001bd6a800 JavaThread "Service Thread" daemon [_thread_blocked, id=10532, stack(0x000000001ca20000,0x000000001cb20000)]
  0x000000001bcd9000 JavaThread "C1 CompilerThread3" daemon [_thread_blocked, id=12096, stack(0x000000001c920000,0x000000001ca20000)]
  0x000000001bcd3000 JavaThread "C2 CompilerThread2" daemon [_thread_in_native, id=10440, stack(0x000000001c820000,0x000000001c920000)]
  0x000000001bcce800 JavaThread "C2 CompilerThread1" daemon [_thread_in_native, id=12604, stack(0x000000001c720000,0x000000001c820000)]
=>0x000000001bccb000 JavaThread "C2 CompilerThread0" daemon [_thread_in_native, id=17828, stack(0x000000001c620000,0x000000001c720000)]
  0x000000001bcc9800 JavaThread "Monitor Ctrl-Break" daemon [_thread_in_native, id=6376, stack(0x000000001c520000,0x000000001c620000)]
  0x000000001bc5c000 JavaThread "Attach Listener" daemon [_thread_blocked, id=17756, stack(0x000000001c420000,0x000000001c520000)]
  0x000000001bc5b000 JavaThread "Signal Dispatcher" daemon [_thread_blocked, id=16352, stack(0x000000001c320000,0x000000001c420000)]
  0x000000001bc41000 JavaThread "Finalizer" daemon [_thread_blocked, id=9872, stack(0x000000001c120000,0x000000001c220000)]
  0x0000000019e5f000 JavaThread "Reference Handler" daemon [_thread_blocked, id=16488, stack(0x000000001c020000,0x000000001c120000)]
  0x00000000026dd800 JavaThread "main" [_thread_in_vm, id=9748, stack(0x00000000025d0000,0x00000000026d0000)]

Other Threads:
  0x0000000019e56800 VMThread [stack: 0x000000001bb20000,0x000000001bc20000] [id=9156]
  0x000000001bd6d000 WatcherThread [stack: 0x000000001cb20000,0x000000001cc20000] [id=8196]

VM state:not at safepoint (normal execution)

VM Mutex/Monitor currently owned by a thread: None

heap address: 0x0000000701c00000, size: 3044 MB, Compressed Oops mode: Zero based, Oop shift amount: 3
Narrow klass base: 0x0000000000000000, Narrow klass shift: 3
Compressed class space size: 1073741824 Address: 0x00000007c0000000

Heap:
 PSYoungGen      total 57344K, used 46172K [0x0000000780980000, 0x0000000784980000, 0x00000007c0000000)
  eden space 49152K, 80% used [0x0000000780980000,0x0000000783005978,0x0000000783980000)
  from space 8192K, 82% used [0x0000000784180000,0x0000000784811848,0x0000000784980000)
  to   space 8192K, 0% used [0x0000000783980000,0x0000000783980000,0x0000000784180000)
 ParOldGen       total 131072K, used 16K [0x0000000701c00000, 0x0000000709c00000, 0x0000000780980000)
  object space 131072K, 0% used [0x0000000701c00000,0x0000000701c04000,0x0000000709c00000)
 Metaspace       used 8871K, capacity 9052K, committed 9216K, reserved 1056768K
  class space    used 934K, capacity 1016K, committed 1024K, reserved 1048576K

Card table byte_map: [0x0000000011d10000,0x0000000012310000] byte_map_base: 0x000000000e502000

Marking Bits: (ParMarkBitMap*) 0x0000000058f1f030
 Begin Bits: [0x0000000012f10000, 0x0000000015ea0000)
 End Bits:   [0x0000000015ea0000, 0x0000000018e30000)

Polling page: 0x0000000002560000

CodeCache: size=245760Kb used=6626Kb max_used=6626Kb free=239133Kb
 bounds [0x0000000002950000, 0x0000000002fd0000, 0x0000000011950000]
 total_blobs=1848 nmethods=1533 adapters=228
 compilation: enabled

Compilation events (10 events):
Event: 2.162 Thread 0x000000001bcd9000 1554       3       javassist.bytecode.stackmap.MapMaker::recordStackMap0 (38 bytes)
Event: 2.162 Thread 0x000000001bcd9000 nmethod 1554 0x0000000002fcacd0 code [0x0000000002fcae40, 0x0000000002fcb0f8]
Event: 2.167 Thread 0x000000001bcd9000 1555       2       javassist.compiler.ast.InstanceOfExpr::accept (6 bytes)
Event: 2.167 Thread 0x000000001bcd9000 nmethod 1555 0x0000000002fcb290 code [0x0000000002fcb400, 0x0000000002fcb588]
Event: 2.167 Thread 0x000000001bcd9000 1556       2       javassist.compiler.JvstCodeGen::compileUnwrapValue (109 bytes)
Event: 2.170 Thread 0x000000001bcd9000 nmethod 1556 0x0000000002fcb610 code [0x0000000002fcb8c0, 0x0000000002fcc388]
Event: 2.171 Thread 0x000000001bcd9000 1558       1       javassist.bytecode.CodeIterator::writeByte (9 bytes)
Event: 2.171 Thread 0x000000001bcd9000 nmethod 1558 0x0000000002fcd250 code [0x0000000002fcd3a0, 0x0000000002fcd4d0]
Event: 2.171 Thread 0x000000001bcd9000 1557       2       javassist.bytecode.Bytecode::addCheckcast (20 bytes)
Event: 2.171 Thread 0x000000001bcd9000 nmethod 1557 0x0000000002fcd590 code [0x0000000002fcd720, 0x0000000002fcd9a8]

GC Heap History (4 events):
Event: 1.302 GC heap before
{Heap before GC invocations=1 (full 0):
 PSYoungGen      total 57344K, used 49152K [0x0000000780980000, 0x0000000784980000, 0x00000007c0000000)
  eden space 49152K, 100% used [0x0000000780980000,0x0000000783980000,0x0000000783980000)
  from space 8192K, 0% used [0x0000000784180000,0x0000000784180000,0x0000000784980000)
  to   space 8192K, 0% used [0x0000000783980000,0x0000000783980000,0x0000000784180000)
 ParOldGen       total 131072K, used 0K [0x0000000701c00000, 0x0000000709c00000, 0x0000000780980000)
  object space 131072K, 0% used [0x0000000701c00000,0x0000000701c00000,0x0000000709c00000)
 Metaspace       used 8316K, capacity 8604K, committed 8704K, reserved 1056768K
  class space    used 925K, capacity 1016K, committed 1024K, reserved 1048576K
Event: 1.308 GC heap after
Heap after GC invocations=1 (full 0):
 PSYoungGen      total 57344K, used 6036K [0x0000000780980000, 0x0000000784980000, 0x00000007c0000000)
  eden space 49152K, 0% used [0x0000000780980000,0x0000000780980000,0x0000000783980000)
  from space 8192K, 73% used [0x0000000783980000,0x0000000783f65068,0x0000000784180000)
  to   space 8192K, 0% used [0x0000000784180000,0x0000000784180000,0x0000000784980000)
 ParOldGen       total 131072K, used 8K [0x0000000701c00000, 0x0000000709c00000, 0x0000000780980000)
  object space 131072K, 0% used [0x0000000701c00000,0x0000000701c02000,0x0000000709c00000)
 Metaspace       used 8316K, capacity 8604K, committed 8704K, reserved 1056768K
  class space    used 925K, capacity 1016K, committed 1024K, reserved 1048576K
}
Event: 1.882 GC heap before
{Heap before GC invocations=2 (full 0):
 PSYoungGen      total 57344K, used 55188K [0x0000000780980000, 0x0000000784980000, 0x00000007c0000000)
  eden space 49152K, 100% used [0x0000000780980000,0x0000000783980000,0x0000000783980000)
  from space 8192K, 73% used [0x0000000783980000,0x0000000783f65068,0x0000000784180000)
  to   space 8192K, 0% used [0x0000000784180000,0x0000000784180000,0x0000000784980000)
 ParOldGen       total 131072K, used 8K [0x0000000701c00000, 0x0000000709c00000, 0x0000000780980000)
  object space 131072K, 0% used [0x0000000701c00000,0x0000000701c02000,0x0000000709c00000)
 Metaspace       used 8846K, capacity 8988K, committed 9216K, reserved 1056768K
  class space    used 934K, capacity 1016K, committed 1024K, reserved 1048576K
Event: 1.888 GC heap after
Heap after GC invocations=2 (full 0):
 PSYoungGen      total 57344K, used 6726K [0x0000000780980000, 0x0000000784980000, 0x00000007c0000000)
  eden space 49152K, 0% used [0x0000000780980000,0x0000000780980000,0x0000000783980000)
  from space 8192K, 82% used [0x0000000784180000,0x0000000784811848,0x0000000784980000)
  to   space 8192K, 0% used [0x0000000783980000,0x0000000783980000,0x0000000784180000)
 ParOldGen       total 131072K, used 16K [0x0000000701c00000, 0x0000000709c00000, 0x0000000780980000)
  object space 131072K, 0% used [0x0000000701c00000,0x0000000701c04000,0x0000000709c00000)
 Metaspace       used 8846K, capacity 8988K, committed 9216K, reserved 1056768K
  class space    used 934K, capacity 1016K, committed 1024K, reserved 1048576K
}

Deoptimization events (10 events):
Event: 0.410 Thread 0x00000000026dd800 Uncommon trap: reason=unstable_if action=reinterpret pc=0x0000000002a95c74 method=java.lang.String.indexOf([CII[CIII)I @ 134
Event: 0.904 Thread 0x00000000026dd800 Uncommon trap: reason=unstable_if action=reinterpret pc=0x0000000002b60674 method=sun.misc.MetaIndex.mayContain(Ljava/lang/String;)Z @ 38
Event: 0.920 Thread 0x00000000026dd800 Uncommon trap: reason=unstable_if action=reinterpret pc=0x0000000002bddaf8 method=java.util.HashMap.getNode(ILjava/lang/Object;)Ljava/util/HashMap$Node; @ 84
Event: 0.920 Thread 0x00000000026dd800 Uncommon trap: reason=unstable_if action=reinterpret pc=0x0000000002b6e624 method=java.util.HashMap.getNode(ILjava/lang/Object;)Ljava/util/HashMap$Node; @ 84
Event: 1.060 Thread 0x00000000026dd800 Uncommon trap: reason=unstable_if action=reinterpret pc=0x0000000002a91700 method=java.lang.CharacterData.of(I)Ljava/lang/CharacterData; @ 4
Event: 1.094 Thread 0x00000000026dd800 Uncommon trap: reason=unstable_if action=reinterpret pc=0x0000000002b861bc method=org.powermock.core.WildcardMatcher.matches(Ljava/lang/String;Ljava/lang/String;)Z @ 153
Event: 1.094 Thread 0x00000000026dd800 Uncommon trap: reason=unstable_if action=reinterpret pc=0x0000000002b756f8 method=org.powermock.core.WildcardMatcher.matches(Ljava/lang/String;Ljava/lang/String;)Z @ 153
Event: 1.574 Thread 0x00000000026dd800 Uncommon trap: reason=unstable_if action=reinterpret pc=0x0000000002d610b0 method=javassist.bytecode.CodeIterator.nextOpcode([BI)I @ 29
Event: 1.639 Thread 0x00000000026dd800 Uncommon trap: reason=unstable_if action=reinterpret pc=0x0000000002da43f0 method=javassist.bytecode.LongVector.addElement(Ljavassist/bytecode/ConstInfo;)V @ 26
Event: 1.828 Thread 0x00000000026dd800 Uncommon trap: reason=unstable_if action=reinterpret pc=0x0000000002c44e80 method=javassist.bytecode.LongVector.addElement(Ljavassist/bytecode/ConstInfo;)V @ 26

Classes redefined (0 events):
No events

Internal exceptions (10 events):
Event: 0.481 Thread 0x00000000026dd800 Exception <a 'java/security/PrivilegedActionException'> (0x0000000780fe0ce8) thrown at [C:\src\AOSP-openjdk-git\hotspot\src\share\vm\prims\jvm.cpp, line 1502]
Event: 0.670 Thread 0x00000000026dd800 Exception <a 'java/lang/ClassNotFoundException': org/powermock/configuration/MockitoConfigurationBeanInfo> (0x00000007817a8790) thrown at [C:\src\AOSP-openjdk-git\hotspot\src\share\vm\classfile\systemDictionary.cpp, line 210]
Event: 0.672 Thread 0x00000000026dd800 Exception <a 'java/lang/ClassNotFoundException': org/powermock/configuration/MockitoConfigurationCustomizer> (0x00000007817d16a8) thrown at [C:\src\AOSP-openjdk-git\hotspot\src\share\vm\classfile\systemDictionary.cpp, line 210]
Event: 0.674 Thread 0x00000000026dd800 Exception <a 'java/lang/ArrayIndexOutOfBoundsException'> (0x00000007817dd6d0) thrown at [C:\src\AOSP-openjdk-git\hotspot\src\share\vm\runtime\sharedRuntime.cpp, line 605]
Event: 0.675 Thread 0x00000000026dd800 Exception <a 'java/lang/ArrayIndexOutOfBoundsException'> (0x00000007817df440) thrown at [C:\src\AOSP-openjdk-git\hotspot\src\share\vm\runtime\sharedRuntime.cpp, line 605]
Event: 0.689 Thread 0x00000000026dd800 Exception <a 'java/lang/ClassNotFoundException': org/powermock/configuration/PowerMockConfigurationBeanInfo> (0x000000078187e8c8) thrown at [C:\src\AOSP-openjdk-git\hotspot\src\share\vm\classfile\systemDictionary.cpp, line 210]
Event: 0.692 Thread 0x00000000026dd800 Exception <a 'java/lang/ClassNotFoundException': org/powermock/configuration/PowerMockConfigurationCustomizer> (0x00000007818a8760) thrown at [C:\src\AOSP-openjdk-git\hotspot\src\share\vm\classfile\systemDictionary.cpp, line 210]
Event: 0.692 Thread 0x00000000026dd800 Exception <a 'java/lang/ArrayIndexOutOfBoundsException'> (0x00000007818aa848) thrown at [C:\src\AOSP-openjdk-git\hotspot\src\share\vm\runtime\sharedRuntime.cpp, line 605]
Event: 0.812 Thread 0x00000000026dd800 Exception <a 'java/lang/NoSuchFieldError': method resolution failed> (0x0000000781df84e0) thrown at [C:\src\AOSP-openjdk-git\hotspot\src\share\vm\prims\methodHandles.cpp, line 1167]
Event: 0.814 Thread 0x00000000026dd800 Exception <a 'java/lang/NoSuchFieldError': method resolution failed> (0x0000000781e064a0) thrown at [C:\src\AOSP-openjdk-git\hotspot\src\share\vm\prims\methodHandles.cpp, line 1167]

Events (10 events):
Event: 1.882 Executing VM operation: ParallelGCFailedAllocation
Event: 1.888 Executing VM operation: ParallelGCFailedAllocation done
Event: 2.030 Thread 0x00000000026dd800 DEOPT PACKING pc=0x0000000002d6d427 sp=0x00000000026c5070
Event: 2.031 Thread 0x00000000026dd800 DEOPT UNPACKING pc=0x00000000029975d0 sp=0x00000000026c4d18 mode 0
Event: 2.053 Thread 0x00000000026dd800 DEOPT PACKING pc=0x0000000002d6d427 sp=0x00000000026c4ed0
Event: 2.053 Thread 0x00000000026dd800 DEOPT UNPACKING pc=0x00000000029975d0 sp=0x00000000026c4b78 mode 0
Event: 2.081 Thread 0x00000000026dd800 DEOPT PACKING pc=0x0000000002d22ecb sp=0x00000000026c4f70
Event: 2.081 Thread 0x00000000026dd800 DEOPT UNPACKING pc=0x00000000029975d0 sp=0x00000000026c4c30 mode 0
Event: 2.162 Thread 0x00000000026dd800 DEOPT PACKING pc=0x0000000002d239ab sp=0x00000000026c4d60
Event: 2.162 Thread 0x00000000026dd800 DEOPT UNPACKING pc=0x00000000029975d0 sp=0x00000000026c4a40 mode 0


Dynamic libraries:
0x00007ff7d8b00000 - 0x00007ff7d8b31000 	C:\Program Files\Android\Android Studio\jre\bin\java.exe
0x00007ffe39780000 - 0x00007ffe39970000 	C:\WINDOWS\SYSTEM32\ntdll.dll
0x00007ffe37830000 - 0x00007ffe378e2000 	C:\WINDOWS\System32\KERNEL32.DLL
0x00007ffe36a50000 - 0x00007ffe36cf5000 	C:\WINDOWS\System32\KERNELBASE.dll
0x00007ffe38030000 - 0x00007ffe380d3000 	C:\WINDOWS\System32\ADVAPI32.dll
0x00007ffe37f10000 - 0x00007ffe37fae000 	C:\WINDOWS\System32\msvcrt.dll
0x00007ffe37e70000 - 0x00007ffe37f07000 	C:\WINDOWS\System32\sechost.dll
0x00007ffe387d0000 - 0x00007ffe388f0000 	C:\WINDOWS\System32\RPCRT4.dll
0x00007ffe378f0000 - 0x00007ffe37a85000 	C:\WINDOWS\System32\USER32.dll
0x00007ffe36710000 - 0x00007ffe36731000 	C:\WINDOWS\System32\win32u.dll
0x00007ffe38f60000 - 0x00007ffe38f86000 	C:\WINDOWS\System32\GDI32.dll
0x00007ffe374a0000 - 0x00007ffe37636000 	C:\WINDOWS\System32\gdi32full.dll
0x00007ffe37740000 - 0x00007ffe377de000 	C:\WINDOWS\System32\msvcp_win.dll
0x00007ffe37640000 - 0x00007ffe3773a000 	C:\WINDOWS\System32\ucrtbase.dll
0x00007ffe299d0000 - 0x00007ffe29c54000 	C:\WINDOWS\WinSxS\amd64_microsoft.windows.common-controls_6595b64144ccf1df_6.0.18362.1082_none_9e8193e1e45b25c1\COMCTL32.dll
0x00007ffe38b70000 - 0x00007ffe38ea5000 	C:\WINDOWS\System32\combase.dll
0x00007ffe369d0000 - 0x00007ffe36a50000 	C:\WINDOWS\System32\bcryptPrimitives.dll
0x00007ffe388f0000 - 0x00007ffe3891e000 	C:\WINDOWS\System32\IMM32.DLL
0x0000000057c10000 - 0x0000000057ce2000 	C:\Program Files\Android\Android Studio\jre\jre\bin\msvcr100.dll
0x0000000058750000 - 0x0000000058f9b000 	C:\Program Files\Android\Android Studio\jre\jre\bin\server\jvm.dll
0x00007ffe38b40000 - 0x00007ffe38b48000 	C:\WINDOWS\System32\PSAPI.DLL
0x00007ffe31760000 - 0x00007ffe31769000 	C:\WINDOWS\SYSTEM32\WSOCK32.dll
0x00007ffe34210000 - 0x00007ffe34234000 	C:\WINDOWS\SYSTEM32\WINMM.dll
0x00007ffe2de00000 - 0x00007ffe2de0a000 	C:\WINDOWS\SYSTEM32\VERSION.dll
0x00007ffe391b0000 - 0x00007ffe3921f000 	C:\WINDOWS\System32\WS2_32.dll
0x00007ffe341e0000 - 0x00007ffe3420d000 	C:\WINDOWS\SYSTEM32\winmmbase.dll
0x00007ffe377e0000 - 0x00007ffe3782a000 	C:\WINDOWS\System32\cfgmgr32.dll
0x00007ffe28c10000 - 0x00007ffe28c1f000 	C:\Program Files\Android\Android Studio\jre\jre\bin\verify.dll
0x00007ffdfc110000 - 0x00007ffdfc139000 	C:\Program Files\Android\Android Studio\jre\jre\bin\java.dll
0x00007ffe2a630000 - 0x00007ffe2a653000 	C:\Program Files\Android\Android Studio\jre\jre\bin\instrument.dll
0x00007ffdfc0f0000 - 0x00007ffdfc106000 	C:\Program Files\Android\Android Studio\jre\jre\bin\zip.dll
0x00007ffe380e0000 - 0x00007ffe387c7000 	C:\WINDOWS\System32\SHELL32.dll
0x00007ffe39690000 - 0x00007ffe39739000 	C:\WINDOWS\System32\shcore.dll
0x00007ffe36d20000 - 0x00007ffe374a0000 	C:\WINDOWS\System32\windows.storage.dll
0x00007ffe366c0000 - 0x00007ffe366e3000 	C:\WINDOWS\System32\profapi.dll
0x00007ffe36670000 - 0x00007ffe366ba000 	C:\WINDOWS\System32\powrprof.dll
0x00007ffe36640000 - 0x00007ffe36650000 	C:\WINDOWS\System32\UMPDC.dll
0x00007ffe38f90000 - 0x00007ffe38fe2000 	C:\WINDOWS\System32\shlwapi.dll
0x00007ffe366f0000 - 0x00007ffe36701000 	C:\WINDOWS\System32\kernel.appcore.dll
0x00007ffe36d00000 - 0x00007ffe36d17000 	C:\WINDOWS\System32\cryptsp.dll
0x00007ffe31440000 - 0x00007ffe3145a000 	C:\Program Files\Android\Android Studio\bin\breakgen64.dll
0x00007ffdfb810000 - 0x00007ffdfb82a000 	C:\Program Files\Android\Android Studio\jre\jre\bin\net.dll
0x00007ffe35e90000 - 0x00007ffe35ef7000 	C:\WINDOWS\system32\mswsock.dll

VM Arguments:
jvm_args: -ea -Didea.test.cyclic.buffer.size=1048576 -javaagent:C:\Program Files\Android\Android Studio\lib\idea_rt.jar=32046:C:\Program Files\Android\Android Studio\bin -Dfile.encoding=UTF-8 
java_command: com.intellij.rt.junit.JUnitStarter -ideVersion5 -junit4 com.pluralsight.candycoded._1_StartTheStoreInformationActivity,mainactivity_onoptionitemselected_return_super
java_class_path (initial): C:\Program Files\Android\Android Studio\lib\idea_rt.jar;C:\Program Files\Android\Android Studio\plugins\junit\lib\junit5-rt.jar;C:\Program Files\Android\Android Studio\plugins\junit\lib\junit-rt.jar;C:\Users\yyeag_000\AppData\Local\Android\Sdk\platforms\android-28\data\res;D:\PluralSightProject\CandyCode\app\build\intermediates\javac\debugUnitTest\classes;D:\PluralSightProject\CandyCode\app\build\intermediates\javac\debug\classes;D:\PluralSightProject\CandyCode\app\build\intermediates\sourceFolderJavaResources\test\debug;D:\PluralSightProject\CandyCode\app\build\generated\res\resValues\debug;C:\Users\yyeag_000\.gradle\caches\modules-2\files-2.1\junit\junit\4.12\2973d150c0dc1fefe998f834810d68f278ea58ec\junit-4.12.jar;C:\Users\yyeag_000\.gradle\caches\modules-2\files-2.1\org.hamcrest\hamcrest-library\1.3\4785a3c21320980282f9f33d0d1264a69040538f\hamcrest-library-1.3.jar;C:\Users\yyeag_000\.gradle\caches\modules-2\files-2.1\org.hamcrest\hamcrest-core\1.3\42a25dc3219429f0e5d060061f71acb49bf010a0\hamcrest-core-1.3.jar;C:\Users\yyeag_000\.gradle\caches\modules-2\files-2.1\org.powermock\powermock-module-junit4\1.7.1\b68666adbfc6a282a231f3af7a593aad3ee0e002\powermock-module-junit4-1.7.1.jar;C:\Users\yyeag_000\.gradle\caches\modules-2\files-2.1\org.powermock\powermock-module-junit4-common\1.7.1\cfd1f8fb63e50ae4c409ace696136ec3d595e832\powermock-module-junit4-common-1.7.1.jar;C:\Users\yyeag_000\.gradle\caches\modules-2\files-2.1\org.robolectric\robolectric\3.3.2\90022fc9ad52c44d0c2a13b8371e9a3624357ba8\robolectric-3.3.2.jar;C:\Users\yyeag_000\.gradle\caches\modules-2\files-2.1\org.robolectric\shadows-core\3.3.2\3d20e0784abd5d6ccf58eeb82da908ecbf7bffd9\shadows-core-3.3.2.jar;C:\Users\yyeag_000\.gradle\caches\modules-2\files-2.1\com.google.android.apps.common.testing.accessibility.framework\accessibility-test-framework\2.1\c2d6267c3ad0435ddf9e27a94a0e0af4ca3fdfbb\accessibility-test-framework-2.1.jar;C:\Users\yyeag_000\.gradle\caches\modules-2\files-2
Launcher Type: SUN_STANDARD

Environment Variables:
PATH=C:\Python27\;C:\Python27\Scripts;C:\ProgramData\Oracle\Java\javapath;C:\Program Files\Broadcom\Broadcom 802.11 Network Adapter;C:\Program Files (x86)\Intel\iCLS Client\;C:\Program Files\Intel\iCLS Client\;C:\Windows\system32;C:\Windows;C:\Windows\System32\Wbem;C:\Windows\System32\WindowsPowerShell\v1.0\;C:\Program Files\Intel\Intel(R) Management Engine Components\DAL;C:\Program Files\Intel\Intel(R) Management Engine Components\IPT;C:\Program Files (x86)\Intel\Intel(R) Management Engine Components\DAL;C:\Program Files (x86)\Intel\Intel(R) Management Engine Components\IPT;C:\Program Files\WIDCOMM\Bluetooth Software\;C:\Program Files\WIDCOMM\Bluetooth Software\syswow64;C:\Program Files (x86)\NVIDIA Corporation\PhysX\Common;C:\WINDOWS\system32;C:\WINDOWS;C:\WINDOWS\System32\Wbem;C:\WINDOWS\System32\WindowsPowerShell\v1.0\;C:\Program Files (x86)\Skype\Phone\;C:\Program Files\dotnet\;C:\WINDOWS\System32\OpenSSH\;C:\Program Files\Git\cmd;C:\Program Files\VSCodium\bin;C:\Program Files\nodejs\;C:\ProgramData\chocolatey\bin;C:\Program Files\Microsoft SQL Server\130\Tools\Binn\;C:\Program Files\Microsoft SQL Server\Client SDK\ODBC\170\Tools\Binn\;C:\Strawberry\c\bin;C:\Strawberry\perl\site\bin;C:\Strawberry\perl\bin;C:\Program Files (x86)\Microsoft SQL Server\150\Tools\Binn\;C:\Program Files\Microsoft SQL Server\150\Tools\Binn\;C:\Program Files\Microsoft SQL Server\150\DTS\Binn\;;C:\Program Files (x86)\Microsoft VS Code\bin;C:\Users\yyeag_000\AppData\Local\Microsoft\WindowsApps;C:\Users\yyeag_000\AppData\Local\Programs\Microsoft VS Code\bin;C:\Users\yyeag_000\AppData\Roaming\npm
USERNAME=yyeag_000
OS=Windows_NT
PROCESSOR_IDENTIFIER=Intel64 Family 6 Model 60 Stepping 3, GenuineIntel



---------------  S Y S T E M  ---------------

OS: Windows 10.0 , 64 bit Build 18362 (10.0.18362.1082)

CPU:total 8 (initial active 8) (4 cores per cpu, 2 threads per core) family 6 model 60 stepping 3, cmov, cx8, fxsr, mmx, sse, sse2, sse3, ssse3, sse4.1, sse4.2, popcnt, avx, avx2, aes, clmul, erms, lzcnt, ht, tsc, tscinvbit, bmi1, bmi2

Memory: 4k page, physical 12463060k(1726120k free), swap 13511636k(7116k free)

vm_info: OpenJDK 64-Bit Server VM (25.242-b01) for windows-amd64 JRE (1.8.0_242-release-1644-b01), built by "builder" with MS VC++ 10.0 (VS2010)

time: Thu Sep 24 16:16:16 2020
timezone: Eastern Daylight Time
elapsed time: 2 seconds (0d 0h 0m 2s)

