#
# There is insufficient memory for the Java Runtime Environment to continue.
# Native memory allocation (malloc) failed to allocate 1073936 bytes for Chunk::new
# Possible reasons:
#   The system is out of physical RAM or swap space
#   The process is running with CompressedOops enabled, and the Java Heap may be blocking the growth of the native heap
# Possible solutions:
#   Reduce memory load on the system
#   Increase physical memory or swap space
#   Check if swap backing store is full
#   Decrease Java heap size (-Xmx/-Xms)
#   Decrease number of Java threads
#   Decrease Java thread stack sizes (-Xss)
#   Set larger code cache with -XX:ReservedCodeCacheSize=
#   JVM is running with Zero Based Compressed Oops mode in which the Java heap is
#     placed in the first 32GB address space. The Java Heap base address is the
#     maximum limit for the native heap growth. Please use -XX:HeapBaseMinAddress
#     to set the Java Heap base and to place the Java Heap above 32GB virtual address.
# This output file may be truncated or incomplete.
#
#  Out of Memory Error (allocation.cpp:389), pid=11092, tid=0x0000000000002eb8
#
# JRE version: OpenJDK Runtime Environment (8.0_242-b01) (build 1.8.0_242-release-1644-b01)
# Java VM: OpenJDK 64-Bit Server VM (25.242-b01 mixed mode windows-amd64 compressed oops)
# Failed to write core dump. Minidumps are not enabled by default on client versions of Windows
#

---------------  T H R E A D  ---------------

Current thread (0x000000001bd61800):  JavaThread "C2 CompilerThread1" daemon [_thread_in_native, id=11960, stack(0x000000001c720000,0x000000001c820000)]

Stack: [0x000000001c720000,0x000000001c820000]
[error occurred during error reporting (printing stack bounds), id 0xc0000005]

Native frames: (J=compiled Java code, j=interpreted, Vv=VM code, C=native code)


Current CompileTask:
C2:   3934 1686   !   4       javassist.expr.ExprEditor::loopBody (512 bytes)


---------------  P R O C E S S  ---------------

Java Threads: ( => current thread )
  0x000000001be16000 JavaThread "Service Thread" daemon [_thread_blocked, id=12424, stack(0x000000001ca20000,0x000000001cb20000)]
  0x000000001bd77800 JavaThread "C1 CompilerThread3" daemon [_thread_blocked, id=13028, stack(0x000000001c920000,0x000000001ca20000)]
  0x000000001bd73800 JavaThread "C2 CompilerThread2" daemon [_thread_in_native, id=3224, stack(0x000000001c820000,0x000000001c920000)]
=>0x000000001bd61800 JavaThread "C2 CompilerThread1" daemon [_thread_in_native, id=11960, stack(0x000000001c720000,0x000000001c820000)]
  0x000000001bd5e800 JavaThread "C2 CompilerThread0" daemon [_thread_in_native, id=1888, stack(0x000000001c620000,0x000000001c720000)]
  0x000000001bd5d000 JavaThread "Attach Listener" daemon [_thread_blocked, id=3400, stack(0x000000001c520000,0x000000001c620000)]
  0x000000001bd5c800 JavaThread "Signal Dispatcher" daemon [_thread_blocked, id=13420, stack(0x000000001c420000,0x000000001c520000)]
  0x000000001bd41000 JavaThread "Finalizer" daemon [_thread_blocked, id=17560, stack(0x000000001c220000,0x000000001c320000)]
  0x000000001bd40800 JavaThread "Reference Handler" daemon [_thread_blocked, id=2720, stack(0x000000001c120000,0x000000001c220000)]
  0x000000000293b800 JavaThread "main" [_thread_in_native, id=5896, stack(0x0000000002830000,0x0000000002930000)]

Other Threads:
  0x0000000019f36000 VMThread [stack: 0x000000001bc20000,0x000000001bd20000] [id=14296]
  0x000000001be16800 WatcherThread [stack: 0x000000001cb20000,0x000000001cc20000] [id=3976]

VM state:not at safepoint (normal execution)

VM Mutex/Monitor currently owned by a thread: None

heap address: 0x0000000701c00000, size: 3044 MB, Compressed Oops mode: Zero based, Oop shift amount: 3
Narrow klass base: 0x0000000000000000, Narrow klass shift: 3
Compressed class space size: 1073741824 Address: 0x00000007c0000000

Heap:
 PSYoungGen      total 57344K, used 21784K [0x0000000780980000, 0x0000000787c80000, 0x00000007c0000000)
  eden space 49152K, 27% used [0x0000000780980000,0x00000007816c8cd8,0x0000000783980000)
  from space 8192K, 99% used [0x0000000783980000,0x000000078417d718,0x0000000784180000)
  to   space 9728K, 0% used [0x0000000787300000,0x0000000787300000,0x0000000787c80000)
 ParOldGen       total 131072K, used 2513K [0x0000000701c00000, 0x0000000709c00000, 0x0000000780980000)
  object space 131072K, 1% used [0x0000000701c00000,0x0000000701e744a0,0x0000000709c00000)
 Metaspace       used 9401K, capacity 9630K, committed 9856K, reserved 1058816K
  class space    used 970K, capacity 1057K, committed 1152K, reserved 1048576K

Card table byte_map: [0x0000000011df0000,0x00000000123f0000] byte_map_base: 0x000000000e5e2000

Marking Bits: (ParMarkBitMap*) 0x0000000058f1f030
 Begin Bits: [0x0000000012ff0000, 0x0000000015f80000)
 End Bits:   [0x0000000015f80000, 0x0000000018f10000)

Polling page: 0x0000000000ec0000

CodeCache: size=245760Kb used=7869Kb max_used=7869Kb free=237890Kb
 bounds [0x0000000002a30000, 0x00000000031f0000, 0x0000000011a30000]
 total_blobs=2051 nmethods=1741 adapters=223
 compilation: enabled

Compilation events (10 events):
Event: 3.920 Thread 0x000000001bd77800 1762       2       javassist.bytecode.CodeIterator$Branch::<init> (15 bytes)
Event: 3.920 Thread 0x000000001bd77800 nmethod 1762 0x00000000031d36d0 code [0x00000000031d3820, 0x00000000031d3970]
Event: 3.921 Thread 0x000000001bd77800 1763       2       javassist.bytecode.CodeIterator$Branch16::<init> (16 bytes)
Event: 3.921 Thread 0x000000001bd77800 nmethod 1763 0x00000000031cdbd0 code [0x00000000031cdd20, 0x00000000031cde70]
Event: 3.921 Thread 0x000000001bd77800 1764       2       javassist.bytecode.CodeIterator$Branch16::write (41 bytes)
Event: 3.921 Thread 0x000000001bd77800 nmethod 1764 0x00000000031cd650 code [0x00000000031cd7c0, 0x00000000031cd9c8]
Event: 3.921 Thread 0x000000001bd77800 1766       2       java.io.ByteArrayOutputStream::close (1 bytes)
Event: 3.922 Thread 0x000000001bd77800 nmethod 1766 0x00000000031bda10 code [0x00000000031bdb60, 0x00000000031bdcb0]
Event: 3.922 Thread 0x000000001bd77800 1767       1       javassist.bytecode.AttributeInfo::set (6 bytes)
Event: 3.922 Thread 0x000000001bd77800 nmethod 1767 0x00000000031cd350 code [0x00000000031cd4a0, 0x00000000031cd5d0]

GC Heap History (10 events):
Event: 2.013 GC heap before
{Heap before GC invocations=1 (full 0):
 PSYoungGen      total 57344K, used 49152K [0x0000000780980000, 0x0000000784980000, 0x00000007c0000000)
  eden space 49152K, 100% used [0x0000000780980000,0x0000000783980000,0x0000000783980000)
  from space 8192K, 0% used [0x0000000784180000,0x0000000784180000,0x0000000784980000)
  to   space 8192K, 0% used [0x0000000783980000,0x0000000783980000,0x0000000784180000)
 ParOldGen       total 131072K, used 0K [0x0000000701c00000, 0x0000000709c00000, 0x0000000780980000)
  object space 131072K, 0% used [0x0000000701c00000,0x0000000701c00000,0x0000000709c00000)
 Metaspace       used 8200K, capacity 8396K, committed 8448K, reserved 1056768K
  class space    used 896K, capacity 984K, committed 1024K, reserved 1048576K
Event: 2.021 GC heap after
Heap after GC invocations=1 (full 0):
 PSYoungGen      total 57344K, used 6890K [0x0000000780980000, 0x0000000784980000, 0x00000007c0000000)
  eden space 49152K, 0% used [0x0000000780980000,0x0000000780980000,0x0000000783980000)
  from space 8192K, 84% used [0x0000000783980000,0x000000078403aa00,0x0000000784180000)
  to   space 8192K, 0% used [0x0000000784180000,0x0000000784180000,0x0000000784980000)
 ParOldGen       total 131072K, used 8K [0x0000000701c00000, 0x0000000709c00000, 0x0000000780980000)
  object space 131072K, 0% used [0x0000000701c00000,0x0000000701c02000,0x0000000709c00000)
 Metaspace       used 8200K, capacity 8396K, committed 8448K, reserved 1056768K
  class space    used 896K, capacity 984K, committed 1024K, reserved 1048576K
}
Event: 2.882 GC heap before
{Heap before GC invocations=2 (full 0):
 PSYoungGen      total 57344K, used 56042K [0x0000000780980000, 0x0000000784980000, 0x00000007c0000000)
  eden space 49152K, 100% used [0x0000000780980000,0x0000000783980000,0x0000000783980000)
  from space 8192K, 84% used [0x0000000783980000,0x000000078403aa00,0x0000000784180000)
  to   space 8192K, 0% used [0x0000000784180000,0x0000000784180000,0x0000000784980000)
 ParOldGen       total 131072K, used 8K [0x0000000701c00000, 0x0000000709c00000, 0x0000000780980000)
  object space 131072K, 0% used [0x0000000701c00000,0x0000000701c02000,0x0000000709c00000)
 Metaspace       used 8634K, capacity 8844K, committed 8960K, reserved 1056768K
  class space    used 902K, capacity 984K, committed 1024K, reserved 1048576K
Event: 2.891 GC heap after
Heap after GC invocations=2 (full 0):
 PSYoungGen      total 57344K, used 6564K [0x0000000780980000, 0x0000000784980000, 0x00000007c0000000)
  eden space 49152K, 0% used [0x0000000780980000,0x0000000780980000,0x0000000783980000)
  from space 8192K, 80% used [0x0000000784180000,0x00000007847e92e0,0x0000000784980000)
  to   space 8192K, 0% used [0x0000000783980000,0x0000000783980000,0x0000000784180000)
 ParOldGen       total 131072K, used 16K [0x0000000701c00000, 0x0000000709c00000, 0x0000000780980000)
  object space 131072K, 0% used [0x0000000701c00000,0x0000000701c04000,0x0000000709c00000)
 Metaspace       used 8634K, capacity 8844K, committed 8960K, reserved 1056768K
  class space    used 902K, capacity 984K, committed 1024K, reserved 1048576K
}
Event: 3.252 GC heap before
{Heap before GC invocations=3 (full 0):
 PSYoungGen      total 57344K, used 55716K [0x0000000780980000, 0x0000000784980000, 0x00000007c0000000)
  eden space 49152K, 100% used [0x0000000780980000,0x0000000783980000,0x0000000783980000)
  from space 8192K, 80% used [0x0000000784180000,0x00000007847e92e0,0x0000000784980000)
  to   space 8192K, 0% used [0x0000000783980000,0x0000000783980000,0x0000000784180000)
 ParOldGen       total 131072K, used 16K [0x0000000701c00000, 0x0000000709c00000, 0x0000000780980000)
  object space 131072K, 0% used [0x0000000701c00000,0x0000000701c04000,0x0000000709c00000)
 Metaspace       used 8679K, capacity 8844K, committed 8960K, reserved 1056768K
  class space    used 902K, capacity 984K, committed 1024K, reserved 1048576K
Event: 3.257 GC heap after
Heap after GC invocations=3 (full 0):
 PSYoungGen      total 57344K, used 6744K [0x0000000780980000, 0x0000000784980000, 0x00000007c0000000)
  eden space 49152K, 0% used [0x0000000780980000,0x0000000780980000,0x0000000783980000)
  from space 8192K, 82% used [0x0000000783980000,0x0000000784016048,0x0000000784180000)
  to   space 8192K, 0% used [0x0000000784180000,0x0000000784180000,0x0000000784980000)
 ParOldGen       total 131072K, used 24K [0x0000000701c00000, 0x0000000709c00000, 0x0000000780980000)
  object space 131072K, 0% used [0x0000000701c00000,0x0000000701c06000,0x0000000709c00000)
 Metaspace       used 8679K, capacity 8844K, committed 8960K, reserved 1056768K
  class space    used 902K, capacity 984K, committed 1024K, reserved 1048576K
}
Event: 3.515 GC heap before
{Heap before GC invocations=4 (full 0):
 PSYoungGen      total 57344K, used 55896K [0x0000000780980000, 0x0000000784980000, 0x00000007c0000000)
  eden space 49152K, 100% used [0x0000000780980000,0x0000000783980000,0x0000000783980000)
  from space 8192K, 82% used [0x0000000783980000,0x0000000784016048,0x0000000784180000)
  to   space 8192K, 0% used [0x0000000784180000,0x0000000784180000,0x0000000784980000)
 ParOldGen       total 131072K, used 24K [0x0000000701c00000, 0x0000000709c00000, 0x0000000780980000)
  object space 131072K, 0% used [0x0000000701c00000,0x0000000701c06000,0x0000000709c00000)
 Metaspace       used 9061K, capacity 9324K, committed 9472K, reserved 1058816K
  class space    used 942K, capacity 1016K, committed 1024K, reserved 1048576K
Event: 3.519 GC heap after
Heap after GC invocations=4 (full 0):
 PSYoungGen      total 57344K, used 6771K [0x0000000780980000, 0x0000000784980000, 0x00000007c0000000)
  eden space 49152K, 0% used [0x0000000780980000,0x0000000780980000,0x0000000783980000)
  from space 8192K, 82% used [0x0000000784180000,0x000000078481cce0,0x0000000784980000)
  to   space 8192K, 0% used [0x0000000783980000,0x0000000783980000,0x0000000784180000)
 ParOldGen       total 131072K, used 32K [0x0000000701c00000, 0x0000000709c00000, 0x0000000780980000)
  object space 131072K, 0% used [0x0000000701c00000,0x0000000701c08000,0x0000000709c00000)
 Metaspace       used 9061K, capacity 9324K, committed 9472K, reserved 1058816K
  class space    used 942K, capacity 1016K, committed 1024K, reserved 1048576K
}
Event: 3.859 GC heap before
{Heap before GC invocations=5 (full 0):
 PSYoungGen      total 57344K, used 55923K [0x0000000780980000, 0x0000000784980000, 0x00000007c0000000)
  eden space 49152K, 100% used [0x0000000780980000,0x0000000783980000,0x0000000783980000)
  from space 8192K, 82% used [0x0000000784180000,0x000000078481cce0,0x0000000784980000)
  to   space 8192K, 0% used [0x0000000783980000,0x0000000783980000,0x0000000784180000)
 ParOldGen       total 131072K, used 32K [0x0000000701c00000, 0x0000000709c00000, 0x0000000780980000)
  object space 131072K, 0% used [0x0000000701c00000,0x0000000701c08000,0x0000000709c00000)
 Metaspace       used 9335K, capacity 9566K, committed 9856K, reserved 1058816K
  class space    used 968K, capacity 1057K, committed 1152K, reserved 1048576K
Event: 3.868 GC heap after
Heap after GC invocations=5 (full 0):
 PSYoungGen      total 57344K, used 8181K [0x0000000780980000, 0x0000000787c80000, 0x00000007c0000000)
  eden space 49152K, 0% used [0x0000000780980000,0x0000000780980000,0x0000000783980000)
  from space 8192K, 99% used [0x0000000783980000,0x000000078417d718,0x0000000784180000)
  to   space 9728K, 0% used [0x0000000787300000,0x0000000787300000,0x0000000787c80000)
 ParOldGen       total 131072K, used 2513K [0x0000000701c00000, 0x0000000709c00000, 0x0000000780980000)
  object space 131072K, 1% used [0x0000000701c00000,0x0000000701e744a0,0x0000000709c00000)
 Metaspace       used 9335K, capacity 9566K, committed 9856K, reserved 1058816K
  class space    used 968K, capacity 1057K, committed 1152K, reserved 1048576K
}

Deoptimization events (10 events):
Event: 3.401 Thread 0x000000000293b800 Uncommon trap: reason=unstable_if action=reinterpret pc=0x000000000312a6e8 method=javassist.bytecode.stackmap.Tracer.checkParamTypes(Ljava/lang/String;I)V @ 92
Event: 3.401 Thread 0x000000000293b800 Uncommon trap: reason=unstable_if action=reinterpret pc=0x00000000030c8358 method=javassist.bytecode.stackmap.MapMaker.validateTypeData([Ljavassist/bytecode/stackmap/TypeData;II)Ljavassist/bytecode/stackmap/TypeData; @ 8
Event: 3.401 Thread 0x000000000293b800 Uncommon trap: reason=unstable_if action=reinterpret pc=0x00000000030a4e10 method=javassist.bytecode.stackmap.TypeData$BasicType.is2WordType()Z @ 5
Event: 3.401 Thread 0x000000000293b800 Uncommon trap: reason=unstable_if action=reinterpret pc=0x0000000002fbb4a4 method=javassist.bytecode.stackmap.TypeData$BasicType.is2WordType()Z @ 5
Event: 3.402 Thread 0x000000000293b800 Uncommon trap: reason=unstable_if action=reinterpret pc=0x000000000305b5ec method=javassist.bytecode.stackmap.Tracer.checkParamTypes(Ljava/lang/String;I)V @ 98
Event: 3.454 Thread 0x000000000293b800 Uncommon trap: reason=unloaded action=reinterpret pc=0x0000000002d53b08 method=javassist.bytecode.ConstPool.readOne(Ljava/io/DataInputStream;)I @ 124
Event: 3.551 Thread 0x000000000293b800 Uncommon trap: reason=bimorphic action=maybe_recompile pc=0x0000000002d8143c method=java.io.BufferedInputStream.read([BII)I @ 101
Event: 3.551 Thread 0x000000000293b800 Uncommon trap: reason=unstable_if action=reinterpret pc=0x00000000030ad988 method=java.util.WeakHashMap.get(Ljava/lang/Object;)Ljava/lang/Object; @ 35
Event: 3.617 Thread 0x000000000293b800 Uncommon trap: reason=unstable_if action=reinterpret pc=0x0000000003182f38 method=javassist.compiler.MemberResolver.lookupMethod(Ljavassist/CtClass;Ljava/lang/String;[I[I[Ljava/lang/String;Z)Ljavassist/compiler/MemberResolver$Method; @ 159
Event: 3.827 Thread 0x000000000293b800 Uncommon trap: reason=unstable_if action=reinterpret pc=0x0000000002d39ac0 method=javassist.bytecode.LongVector.addElement(Ljavassist/bytecode/ConstInfo;)V @ 26

Classes redefined (0 events):
No events

Internal exceptions (10 events):
Event: 1.135 Thread 0x000000000293b800 Exception <a 'java/lang/ClassNotFoundException': org/powermock/configuration/MockitoConfigurationBeanInfo> (0x000000078151def8) thrown at [C:\src\AOSP-openjdk-git\hotspot\src\share\vm\classfile\systemDictionary.cpp, line 210]
Event: 1.139 Thread 0x000000000293b800 Exception <a 'java/lang/ClassNotFoundException': org/powermock/configuration/MockitoConfigurationCustomizer> (0x00000007815466d8) thrown at [C:\src\AOSP-openjdk-git\hotspot\src\share\vm\classfile\systemDictionary.cpp, line 210]
Event: 1.144 Thread 0x000000000293b800 Exception <a 'java/lang/ArrayIndexOutOfBoundsException'> (0x0000000781548d30) thrown at [C:\src\AOSP-openjdk-git\hotspot\src\share\vm\runtime\sharedRuntime.cpp, line 605]
Event: 1.144 Thread 0x000000000293b800 Exception <a 'java/lang/ArrayIndexOutOfBoundsException'> (0x000000078154a258) thrown at [C:\src\AOSP-openjdk-git\hotspot\src\share\vm\runtime\sharedRuntime.cpp, line 605]
Event: 1.163 Thread 0x000000000293b800 Exception <a 'java/lang/ClassNotFoundException': org/powermock/configuration/PowerMockConfigurationBeanInfo> (0x00000007815d89a0) thrown at [C:\src\AOSP-openjdk-git\hotspot\src\share\vm\classfile\systemDictionary.cpp, line 210]
Event: 1.166 Thread 0x000000000293b800 Exception <a 'java/lang/ClassNotFoundException': org/powermock/configuration/PowerMockConfigurationCustomizer> (0x00000007816025f0) thrown at [C:\src\AOSP-openjdk-git\hotspot\src\share\vm\classfile\systemDictionary.cpp, line 210]
Event: 1.166 Thread 0x000000000293b800 Exception <a 'java/lang/ArrayIndexOutOfBoundsException'> (0x00000007816fa3a0) thrown at [C:\src\AOSP-openjdk-git\hotspot\src\share\vm\runtime\sharedRuntime.cpp, line 605]
Event: 1.394 Thread 0x000000000293b800 Exception <a 'java/lang/NoSuchFieldError': method resolution failed> (0x0000000781b96620) thrown at [C:\src\AOSP-openjdk-git\hotspot\src\share\vm\prims\methodHandles.cpp, line 1167]
Event: 1.396 Thread 0x000000000293b800 Exception <a 'java/lang/NoSuchFieldError': method resolution failed> (0x0000000781ba3d40) thrown at [C:\src\AOSP-openjdk-git\hotspot\src\share\vm\prims\methodHandles.cpp, line 1167]
Event: 3.551 Thread 0x000000000293b800 Implicit null exception at 0x00000000030acb14 to 0x00000000030ad96d

Events (10 events):
Event: 3.551 Thread 0x000000000293b800 DEOPT PACKING pc=0x00000000030ad988 sp=0x000000000292cd30
Event: 3.551 Thread 0x000000000293b800 DEOPT UNPACKING pc=0x0000000002a7557b sp=0x000000000292cc98 mode 2
Event: 3.617 Thread 0x000000000293b800 Uncommon trap: trap_request=0xffffff65 fr.pc=0x0000000003182f38
Event: 3.617 Thread 0x000000000293b800 DEOPT PACKING pc=0x0000000003182f38 sp=0x000000000292c4a0
Event: 3.617 Thread 0x000000000293b800 DEOPT UNPACKING pc=0x0000000002a7557b sp=0x000000000292c430 mode 2
Event: 3.827 Thread 0x000000000293b800 Uncommon trap: trap_request=0xffffff65 fr.pc=0x0000000002d39ac0
Event: 3.827 Thread 0x000000000293b800 DEOPT PACKING pc=0x0000000002d39ac0 sp=0x0000000002929bb0
Event: 3.827 Thread 0x000000000293b800 DEOPT UNPACKING pc=0x0000000002a7557b sp=0x0000000002929b40 mode 2
Event: 3.859 Executing VM operation: ParallelGCFailedAllocation
Event: 3.869 Executing VM operation: ParallelGCFailedAllocation done


Dynamic libraries:
0x00007ff7d8b00000 - 0x00007ff7d8b31000 	C:\Program Files\Android\Android Studio\jre\bin\java.exe
0x00007ffe39780000 - 0x00007ffe39970000 	C:\WINDOWS\SYSTEM32\ntdll.dll
0x00007ffe37830000 - 0x00007ffe378e2000 	C:\WINDOWS\System32\KERNEL32.DLL
0x00007ffe36a50000 - 0x00007ffe36cf5000 	C:\WINDOWS\System32\KERNELBASE.dll
0x00007ffe38030000 - 0x00007ffe380d3000 	C:\WINDOWS\System32\ADVAPI32.dll
0x00007ffe37f10000 - 0x00007ffe37fae000 	C:\WINDOWS\System32\msvcrt.dll
0x00007ffe37e70000 - 0x00007ffe37f07000 	C:\WINDOWS\System32\sechost.dll
0x00007ffe387d0000 - 0x00007ffe388f0000 	C:\WINDOWS\System32\RPCRT4.dll
0x00007ffe378f0000 - 0x00007ffe37a85000 	C:\WINDOWS\System32\USER32.dll
0x00007ffe36710000 - 0x00007ffe36731000 	C:\WINDOWS\System32\win32u.dll
0x00007ffe38f60000 - 0x00007ffe38f86000 	C:\WINDOWS\System32\GDI32.dll
0x00007ffe374a0000 - 0x00007ffe37636000 	C:\WINDOWS\System32\gdi32full.dll
0x00007ffe37740000 - 0x00007ffe377de000 	C:\WINDOWS\System32\msvcp_win.dll
0x00007ffe37640000 - 0x00007ffe3773a000 	C:\WINDOWS\System32\ucrtbase.dll
0x00007ffe299d0000 - 0x00007ffe29c54000 	C:\WINDOWS\WinSxS\amd64_microsoft.windows.common-controls_6595b64144ccf1df_6.0.18362.1082_none_9e8193e1e45b25c1\COMCTL32.dll
0x00007ffe38b70000 - 0x00007ffe38ea5000 	C:\WINDOWS\System32\combase.dll
0x00007ffe369d0000 - 0x00007ffe36a50000 	C:\WINDOWS\System32\bcryptPrimitives.dll
0x00007ffe388f0000 - 0x00007ffe3891e000 	C:\WINDOWS\System32\IMM32.DLL
0x0000000057c10000 - 0x0000000057ce2000 	C:\Program Files\Android\Android Studio\jre\jre\bin\msvcr100.dll
0x0000000058750000 - 0x0000000058f9b000 	C:\Program Files\Android\Android Studio\jre\jre\bin\server\jvm.dll
0x00007ffe38b40000 - 0x00007ffe38b48000 	C:\WINDOWS\System32\PSAPI.DLL
0x00007ffe31760000 - 0x00007ffe31769000 	C:\WINDOWS\SYSTEM32\WSOCK32.dll
0x00007ffe34210000 - 0x00007ffe34234000 	C:\WINDOWS\SYSTEM32\WINMM.dll
0x00007ffe2de00000 - 0x00007ffe2de0a000 	C:\WINDOWS\SYSTEM32\VERSION.dll
0x00007ffe391b0000 - 0x00007ffe3921f000 	C:\WINDOWS\System32\WS2_32.dll
0x00007ffe341e0000 - 0x00007ffe3420d000 	C:\WINDOWS\SYSTEM32\WINMMBASE.dll
0x00007ffe377e0000 - 0x00007ffe3782a000 	C:\WINDOWS\System32\cfgmgr32.dll
0x00007ffe28c10000 - 0x00007ffe28c1f000 	C:\Program Files\Android\Android Studio\jre\jre\bin\verify.dll
0x00007ffdfc110000 - 0x00007ffdfc139000 	C:\Program Files\Android\Android Studio\jre\jre\bin\java.dll
0x00007ffdfc0f0000 - 0x00007ffdfc106000 	C:\Program Files\Android\Android Studio\jre\jre\bin\zip.dll
0x00007ffe380e0000 - 0x00007ffe387c7000 	C:\WINDOWS\System32\SHELL32.dll
0x00007ffe39690000 - 0x00007ffe39739000 	C:\WINDOWS\System32\shcore.dll
0x00007ffe36d20000 - 0x00007ffe374a0000 	C:\WINDOWS\System32\windows.storage.dll
0x00007ffe366c0000 - 0x00007ffe366e3000 	C:\WINDOWS\System32\profapi.dll
0x00007ffe36670000 - 0x00007ffe366ba000 	C:\WINDOWS\System32\powrprof.dll
0x00007ffe36640000 - 0x00007ffe36650000 	C:\WINDOWS\System32\UMPDC.dll
0x00007ffe38f90000 - 0x00007ffe38fe2000 	C:\WINDOWS\System32\shlwapi.dll
0x00007ffe366f0000 - 0x00007ffe36701000 	C:\WINDOWS\System32\kernel.appcore.dll
0x00007ffe36d00000 - 0x00007ffe36d17000 	C:\WINDOWS\System32\cryptsp.dll
0x00007ffdfb810000 - 0x00007ffdfb82a000 	C:\Program Files\Android\Android Studio\jre\jre\bin\net.dll
0x00007ffe35e90000 - 0x00007ffe35ef7000 	C:\WINDOWS\system32\mswsock.dll

VM Arguments:
jvm_args: -ea -Didea.test.cyclic.buffer.size=1048576 -Dfile.encoding=UTF-8 
java_command: com.intellij.rt.junit.JUnitStarter -ideVersion5 @w@C:\Users\yyeag_000\AppData\Local\Temp\idea_working_dirs_junit.tmp @C:\Users\yyeag_000\AppData\Local\Temp\idea_junit.tmp -socket31899
java_class_path (initial): C:\Program Files\Android\Android Studio\lib\idea_rt.jar;C:\Program Files\Android\Android Studio\plugins\junit\lib\junit5-rt.jar;C:\Program Files\Android\Android Studio\plugins\junit\lib\junit-rt.jar;C:\Users\yyeag_000\AppData\Local\Android\Sdk\platforms\android-28\data\res;D:\PluralSightProject\CandyCode\app\build\intermediates\javac\debugUnitTest\classes;D:\PluralSightProject\CandyCode\app\build\intermediates\javac\debug\classes;D:\PluralSightProject\CandyCode\app\build\intermediates\sourceFolderJavaResources\test\debug;D:\PluralSightProject\CandyCode\app\build\generated\res\resValues\debug;C:\Users\yyeag_000\.gradle\caches\modules-2\files-2.1\junit\junit\4.12\2973d150c0dc1fefe998f834810d68f278ea58ec\junit-4.12.jar;C:\Users\yyeag_000\.gradle\caches\modules-2\files-2.1\org.hamcrest\hamcrest-library\1.3\4785a3c21320980282f9f33d0d1264a69040538f\hamcrest-library-1.3.jar;C:\Users\yyeag_000\.gradle\caches\modules-2\files-2.1\org.hamcrest\hamcrest-core\1.3\42a25dc3219429f0e5d060061f71acb49bf010a0\hamcrest-core-1.3.jar;C:\Users\yyeag_000\.gradle\caches\modules-2\files-2.1\org.powermock\powermock-module-junit4\1.7.1\b68666adbfc6a282a231f3af7a593aad3ee0e002\powermock-module-junit4-1.7.1.jar;C:\Users\yyeag_000\.gradle\caches\modules-2\files-2.1\org.powermock\powermock-module-junit4-common\1.7.1\cfd1f8fb63e50ae4c409ace696136ec3d595e832\powermock-module-junit4-common-1.7.1.jar;C:\Users\yyeag_000\.gradle\caches\modules-2\files-2.1\org.robolectric\robolectric\3.3.2\90022fc9ad52c44d0c2a13b8371e9a3624357ba8\robolectric-3.3.2.jar;C:\Users\yyeag_000\.gradle\caches\modules-2\files-2.1\org.robolectric\shadows-core\3.3.2\3d20e0784abd5d6ccf58eeb82da908ecbf7bffd9\shadows-core-3.3.2.jar;C:\Users\yyeag_000\.gradle\caches\modules-2\files-2.1\com.google.android.apps.common.testing.accessibility.framework\accessibility-test-framework\2.1\c2d6267c3ad0435ddf9e27a94a0e0af4ca3fdfbb\accessibility-test-framework-2.1.jar;C:\Users\yyeag_000\.gradle\caches\modules-2\files-2
Launcher Type: SUN_STANDARD

Environment Variables:
PATH=C:\Python27\;C:\Python27\Scripts;C:\ProgramData\Oracle\Java\javapath;C:\Program Files\Broadcom\Broadcom 802.11 Network Adapter;C:\Program Files (x86)\Intel\iCLS Client\;C:\Program Files\Intel\iCLS Client\;C:\Windows\system32;C:\Windows;C:\Windows\System32\Wbem;C:\Windows\System32\WindowsPowerShell\v1.0\;C:\Program Files\Intel\Intel(R) Management Engine Components\DAL;C:\Program Files\Intel\Intel(R) Management Engine Components\IPT;C:\Program Files (x86)\Intel\Intel(R) Management Engine Components\DAL;C:\Program Files (x86)\Intel\Intel(R) Management Engine Components\IPT;C:\Program Files\WIDCOMM\Bluetooth Software\;C:\Program Files\WIDCOMM\Bluetooth Software\syswow64;C:\Program Files (x86)\NVIDIA Corporation\PhysX\Common;C:\WINDOWS\system32;C:\WINDOWS;C:\WINDOWS\System32\Wbem;C:\WINDOWS\System32\WindowsPowerShell\v1.0\;C:\Program Files (x86)\Skype\Phone\;C:\Program Files\dotnet\;C:\WINDOWS\System32\OpenSSH\;C:\Program Files\Git\cmd;C:\Program Files\VSCodium\bin;C:\Program Files\nodejs\;C:\ProgramData\chocolatey\bin;C:\Program Files\Microsoft SQL Server\130\Tools\Binn\;C:\Program Files\Microsoft SQL Server\Client SDK\ODBC\170\Tools\Binn\;C:\Strawberry\c\bin;C:\Strawberry\perl\site\bin;C:\Strawberry\perl\bin;C:\Program Files (x86)\Microsoft SQL Server\150\Tools\Binn\;C:\Program Files\Microsoft SQL Server\150\Tools\Binn\;C:\Program Files\Microsoft SQL Server\150\DTS\Binn\;;C:\Program Files (x86)\Microsoft VS Code\bin;C:\Users\yyeag_000\AppData\Local\Microsoft\WindowsApps;C:\Users\yyeag_000\AppData\Local\Programs\Microsoft VS Code\bin;C:\Users\yyeag_000\AppData\Roaming\npm
USERNAME=yyeag_000
OS=Windows_NT
PROCESSOR_IDENTIFIER=Intel64 Family 6 Model 60 Stepping 3, GenuineIntel



---------------  S Y S T E M  ---------------

OS: Windows 10.0 , 64 bit Build 18362 (10.0.18362.1082)

CPU:total 8 (initial active 8) (4 cores per cpu, 2 threads per core) family 6 model 60 stepping 3, cmov, cx8, fxsr, mmx, sse, sse2, sse3, ssse3, sse4.1, sse4.2, popcnt, avx, avx2, aes, clmul, erms, lzcnt, ht, tsc, tscinvbit, bmi1, bmi2

Memory: 4k page, physical 12463060k(1607440k free), swap 13511636k(5480k free)

vm_info: OpenJDK 64-Bit Server VM (25.242-b01) for windows-amd64 JRE (1.8.0_242-release-1644-b01), built by "builder" with MS VC++ 10.0 (VS2010)

time: Thu Sep 24 16:11:08 2020
timezone: Eastern Daylight Time
elapsed time: 3 seconds (0d 0h 0m 3s)

